<?xml version="1.0" encoding="UTF-8"?>
<!-- Generated by org.testng.reporters.JUnitReportReporter -->
<testsuite skipped="0" hostname="DESKTOP-O1KOTA3" name="com.OrangeHRM.TestCases.TC002_ClickingOn_ForgotPassword_Link" tests="1" failures="0" timestamp="08 Jul 2021 15:38:45 GMT" time="3.047" errors="0">
  <testcase name="forgotpasswordlink" time="3.047" classname="com.OrangeHRM.TestCases.TC002_ClickingOn_ForgotPassword_Link"/>
</testsuite> <!-- com.OrangeHRM.TestCases.TC002_ClickingOn_ForgotPassword_Link -->
