<?xml version="1.0" encoding="UTF-8"?>
<!-- Generated by org.testng.reporters.JUnitReportReporter -->
<testsuite skipped="0" hostname="DESKTOP-O1KOTA3" name="com.OrangeHRM.TestCases.TC001_Login_Test" tests="1" failures="0" timestamp="07 Jul 2021 23:02:27 GMT" time="2.941" errors="0">
  <testcase name="logintest" time="2.941" classname="com.OrangeHRM.TestCases.TC001_Login_Test"/>
</testsuite> <!-- com.OrangeHRM.TestCases.TC001_Login_Test -->
