<?xml version="1.0" encoding="UTF-8"?>
<!-- Generated by org.testng.reporters.JUnitReportReporter -->
<testsuite skipped="0" hostname="DESKTOP-O1KOTA3" name="com.OrangeHRM.TestCases.TC001_LoginTest_Normal_Way" tests="1" failures="0" timestamp="08 Jul 2021 17:16:22 GMT" time="6.666" errors="0">
  <testcase name="test" time="6.666" classname="com.OrangeHRM.TestCases.TC001_LoginTest_Normal_Way"/>
</testsuite> <!-- com.OrangeHRM.TestCases.TC001_LoginTest_Normal_Way -->
