<?xml version="1.0" encoding="UTF-8"?>
<!-- Generated by org.testng.reporters.JUnitReportReporter -->
<testsuite skipped="0" hostname="DESKTOP-O1KOTA3" name="com.OrangeHRM.TestCases.TC001_LoginTest_CallingFrom_BaseClass" tests="1" failures="0" timestamp="08 Jul 2021 17:16:22 GMT" time="5.390" errors="0">
  <testcase name="test" time="5.390" classname="com.OrangeHRM.TestCases.TC001_LoginTest_CallingFrom_BaseClass"/>
</testsuite> <!-- com.OrangeHRM.TestCases.TC001_LoginTest_CallingFrom_BaseClass -->
