<?xml version="1.0" encoding="UTF-8"?>
<!-- Generated by org.testng.reporters.JUnitReportReporter -->
<testsuite skipped="0" hostname="DESKTOP-O1KOTA3" name="com.OrangeHRM.TestCases.TC003_ClickingOn_LogOut" tests="1" failures="0" timestamp="08 Jul 2021 17:16:22 GMT" time="8.693" errors="0">
  <testcase name="logout" time="8.693" classname="com.OrangeHRM.TestCases.TC003_ClickingOn_LogOut"/>
</testsuite> <!-- com.OrangeHRM.TestCases.TC003_ClickingOn_LogOut -->
